<?xml version="1.0" encoding="UTF-8"?>
<!-- Generated by org.testng.reporters.JUnitReportReporter -->
<testsuite hostname="DESKTOP-9PBJ48E" failures="0" tests="1" name="WebDemo.MyAccount" time="21.974" errors="0" timestamp="2024-02-22T15:40:40 NPT" skipped="0">
  <testcase classname="WebDemo.MyAccount" name="customerinfo" time="21.974"/>
  <system-out/>
</testsuite> <!-- WebDemo.MyAccount -->
