<?xml version="1.0" encoding="UTF-8"?>
<!-- Generated by org.testng.reporters.JUnitReportReporter -->
<testsuite hostname="DESKTOP-9PBJ48E" failures="0" tests="1" name="WebDemo.AddtoCart" time="40.104" errors="0" timestamp="2024-02-21T13:22:15 NPT" skipped="0">
  <testcase classname="WebDemo.AddtoCart" name="Additem" time="40.104"/>
  <system-out/>
</testsuite> <!-- WebDemo.AddtoCart -->
