<?xml version="1.0" encoding="UTF-8"?>
<!-- Generated by org.testng.reporters.JUnitReportReporter -->
<testsuite hostname="DESKTOP-9PBJ48E" failures="0" tests="1" name="WebDemo.logout" time="32.785" errors="0" timestamp="2024-02-21T09:26:54 NPT" skipped="0">
  <testcase classname="WebDemo.logout" name="funlogout" time="32.785"/>
  <system-out/>
</testsuite> <!-- WebDemo.logout -->
