<?xml version="1.0" encoding="UTF-8"?>
<!-- Generated by org.testng.reporters.JUnitReportReporter -->
<testsuite hostname="DESKTOP-9PBJ48E" failures="0" tests="1" name="WebDemo.login" time="19.462" errors="0" timestamp="2024-02-20T14:17:35 NPT" skipped="0">
  <testcase classname="WebDemo.login" name="infologin" time="19.462"/>
  <system-out/>
</testsuite> <!-- WebDemo.login -->
