<?xml version="1.0" encoding="UTF-8"?>
<!-- Generated by org.testng.reporters.JUnitReportReporter -->
<testsuite hostname="DESKTOP-9PBJ48E" failures="0" tests="1" name="WebDemo.wishlist" time="30.567" errors="0" timestamp="2024-02-22T15:24:03 NPT" skipped="0">
  <testcase classname="WebDemo.wishlist" name="listdemo" time="30.567"/>
  <system-out/>
</testsuite> <!-- WebDemo.wishlist -->
