<?xml version="1.0" encoding="UTF-8"?>
<!-- Generated by org.testng.reporters.JUnitReportReporter -->
<testsuite hostname="DESKTOP-9PBJ48E" failures="0" tests="1" name="WebDemo.Register" time="13.906" errors="0" timestamp="2024-02-22T15:33:35 NPT" skipped="0">
  <testcase classname="WebDemo.Register" name="registration" time="13.906"/>
  <system-out/>
</testsuite> <!-- WebDemo.Register -->
